c:\users\newt\desktop\уп\educationalpractice\x64\debug\vc142.pdb
c:\users\newt\desktop\уп\educationalpractice\x64\debug\.netframework,version=v4.6.1.assemblyattributes.obj
c:\users\newt\desktop\уп\educationalpractice\x64\debug\myform1.obj
c:\users\newt\desktop\уп\educationalpractice\x64\debug\myform.obj
c:\users\newt\desktop\уп\educationalpractice\x64\debug\mathlibrary.obj
c:\users\newt\desktop\уп\x64\debug\up_kyatalovaov.exe
c:\users\newt\desktop\уп\x64\debug\up_kyatalovaov.pdb
c:\users\newt\desktop\уп\educationalpractice\x64\debug\educationalpractice.myform.resources
c:\users\newt\desktop\уп\educationalpractice\x64\debug\educationalpractice.myform1.resources
c:\users\newt\desktop\уп\x64\debug\up_kyatalovaov.lib
c:\users\newt\desktop\уп\x64\debug\up_kyatalovaov.exp
c:\users\newt\desktop\уп\educationalpractice\x64\debug\up_kyatalovaov.tlog\cl.command.1.tlog
c:\users\newt\desktop\уп\educationalpractice\x64\debug\up_kyatalovaov.tlog\cl.read.1.tlog
c:\users\newt\desktop\уп\educationalpractice\x64\debug\up_kyatalovaov.tlog\cl.write.1.tlog
c:\users\newt\desktop\уп\educationalpractice\x64\debug\up_kyatalovaov.tlog\link.10628.delete.1.tlog
c:\users\newt\desktop\уп\educationalpractice\x64\debug\up_kyatalovaov.tlog\link.command.1.tlog
c:\users\newt\desktop\уп\educationalpractice\x64\debug\up_kyatalovaov.tlog\link.read.1.tlog
c:\users\newt\desktop\уп\educationalpractice\x64\debug\up_kyatalovaov.tlog\link.write.1.tlog
c:\users\newt\desktop\уп\educationalpractice\x64\debug\up_kyatalovaov.tlog\metagen.read.1.tlog
c:\users\newt\desktop\уп\educationalpractice\x64\debug\up_kyatalovaov.tlog\metagen.write.1.tlog
c:\users\newt\desktop\уп\educationalpractice\x64\debug\up_kyatalovaov.tlog\up_kyatalovaov.write.1u.tlog
